<?xml version="1.0" encoding="UTF-8"?>
<!-- Generated by org.testng.reporters.JUnitXMLReporter -->
<testsuite ignored="1" hostname="R10A092" failures="0" tests="5" name="Default test" time="0.056" errors="0" timestamp="2022-06-16T17:54:13 IST">
  <testcase classname="Test.ZerodhaLoginPageTest" name="testa" time="0.01"/>
  <testcase classname="Test.ZerodhaLoginPageTest" name="testd" time="0.001"/>
  <testcase classname="Test.ZerodhaLoginPageTest" name="testb" time="0.001"/>
  <testcase classname="Test.ZerodhaLoginPageTest" name="testb" time="0.001"/>
  <testcase classname="Test.ZerodhaLoginPageTest" name="testb" time="0.001"/>
  <testcase classname="Test.ZerodhaLoginPageTest" name="testc" time="0.0">
    <ignored/>
  </testcase> <!-- testc -->
</testsuite> <!-- Default test -->
