<?xml version="1.0" encoding="UTF-8"?>
<!-- Generated by org.testng.reporters.JUnitXMLReporter -->
<testsuite ignored="3" hostname="R10A092" failures="0" tests="1" name="Regression Testing" time="0.052" errors="0" timestamp="2022-06-02T11:28:17 IST">
  <testcase classname="Test.ZerodhaLoginPageTest" name="testa" time="0.008"/>
  <testcase classname="Test.ZerodhaLoginPageTest" name="testb" time="0.0">
    <ignored/>
  </testcase> <!-- testb -->
  <testcase classname="Test.ZerodhaLoginPageTest" name="testc" time="0.0">
    <ignored/>
  </testcase> <!-- testc -->
  <testcase classname="Test.ZerodhaLoginPageTest" name="testd" time="0.0">
    <ignored/>
  </testcase> <!-- testd -->
</testsuite> <!-- Regression Testing -->
