<?xml version="1.0" encoding="UTF-8"?>
<!-- Generated by org.testng.reporters.JUnitXMLReporter -->
<testsuite ignored="1" hostname="R10A092" failures="0" tests="8" name="Positive test" time="0.088" errors="0" timestamp="2022-06-03T18:11:16 IST">
  <testcase classname="Test.ZerodhaLoginPageTest" name="testa" time="0.006"/>
  <testcase classname="Test.ZerodhaLoginPageTest" name="testd" time="0.001"/>
  <testcase classname="Test.ZerodhaLoginPageTest" name="testb" time="0.001"/>
  <testcase classname="Test.ZerodhaLoginPageTest" name="testb" time="0.001"/>
  <testcase classname="Test.ZerodhaLoginPageTest" name="testb" time="0.002"/>
  <testcase classname="Test.ZerodhaHomeTest" name="GoToHomePageTest" time="0.001"/>
  <testcase classname="Test.ZerodhaHomeTest" name="HomePageTest" time="0.001"/>
  <testcase classname="Test.ZerodhaHomeTest" name="add" time="0.0"/>
  <testcase classname="Test.ZerodhaLoginPageTest" name="testc" time="0.0">
    <ignored/>
  </testcase> <!-- testc -->
</testsuite> <!-- Positive test -->
